<?xml version="1.0" encoding="UTF-8"?>
<!-- Generated by org.testng.reporters.JUnitReportReporter -->
<testsuite hostname="DW-P10529" failures="0" tests="5" name="NewTest" time="249.295" errors="0" timestamp="2021-09-20T15:48:04 COT" skipped="0">
  <testcase classname="NewTest" name="Login" time="18.770"/>
  <system-out/>
  <testcase classname="NewTest" name="IngresoModuloCreacionAgenda" time="58.360"/>
  <system-out/>
  <testcase classname="NewTest" name="ValidacionInformacionDelProfesional" time="51.313"/>
  <system-out/>
  <testcase classname="NewTest" name="ValidacionCreacionAgenda" time="76.825"/>
  <system-out/>
  <testcase classname="NewTest" name="IngresoModuloPublicar" time="44.027"/>
  <system-out/>
</testsuite> <!-- NewTest -->
